mode: set
github.com/Raezil/memoryArena/arena.go:14.72,16.2 1 1
github.com/Raezil/memoryArena/arena.go:19.25,21.2 1 1
github.com/Raezil/memoryArena/arena.go:24.55,26.16 2 1
github.com/Raezil/memoryArena/arena.go:26.16,28.3 1 1
github.com/Raezil/memoryArena/arena.go:29.2,29.23 1 1
github.com/Raezil/memoryArena/arena.go:33.72,37.16 3 1
github.com/Raezil/memoryArena/arena.go:37.16,39.3 1 1
github.com/Raezil/memoryArena/arena.go:40.2,40.25 1 1
github.com/Raezil/memoryArena/arena.go:44.102,48.16 3 1
github.com/Raezil/memoryArena/arena.go:48.16,50.3 1 1
github.com/Raezil/memoryArena/arena.go:51.2,51.34 1 1
github.com/Raezil/memoryArena/concurrent_arena.go:13.71,15.16 2 1
github.com/Raezil/memoryArena/concurrent_arena.go:15.16,17.3 1 1
github.com/Raezil/memoryArena/concurrent_arena.go:18.2,21.8 1 1
github.com/Raezil/memoryArena/concurrent_arena.go:24.74,28.2 3 1
github.com/Raezil/memoryArena/concurrent_arena.go:30.87,35.9 4 1
github.com/Raezil/memoryArena/concurrent_arena.go:35.9,37.3 1 1
github.com/Raezil/memoryArena/concurrent_arena.go:38.2,40.16 3 1
github.com/Raezil/memoryArena/concurrent_arena.go:40.16,42.3 1 1
github.com/Raezil/memoryArena/concurrent_arena.go:43.2,44.17 2 1
github.com/Raezil/memoryArena/concurrent_arena.go:47.65,51.2 3 1
github.com/Raezil/memoryArena/concurrent_arena.go:53.57,57.2 3 1
github.com/Raezil/memoryArena/memory_arena.go:14.75,21.39 4 1
github.com/Raezil/memoryArena/memory_arena.go:21.39,23.3 1 1
github.com/Raezil/memoryArena/memory_arena.go:26.2,30.3 1 1
github.com/Raezil/memoryArena/memory_arena.go:37.63,38.15 1 1
github.com/Raezil/memoryArena/memory_arena.go:38.15,40.3 1 1
github.com/Raezil/memoryArena/memory_arena.go:41.2,46.20 4 1
github.com/Raezil/memoryArena/memory_arena.go:49.66,51.2 1 1
github.com/Raezil/memoryArena/memory_arena.go:53.61,54.64 1 1
github.com/Raezil/memoryArena/memory_arena.go:54.64,56.3 1 1
github.com/Raezil/memoryArena/memory_arena.go:59.55,61.2 1 1
github.com/Raezil/memoryArena/memory_arena.go:63.60,65.2 1 1
github.com/Raezil/memoryArena/memory_arena.go:67.73,68.15 1 1
github.com/Raezil/memoryArena/memory_arena.go:68.15,70.3 1 1
github.com/Raezil/memoryArena/memory_arena.go:71.2,71.35 1 1
github.com/Raezil/memoryArena/memory_arena.go:74.57,76.2 1 1
github.com/Raezil/memoryArena/memory_arena.go:78.79,82.32 3 1
github.com/Raezil/memoryArena/memory_arena.go:82.32,84.3 1 1
github.com/Raezil/memoryArena/memory_arena.go:85.2,87.20 3 1
github.com/Raezil/memoryArena/memory_arena.go:90.37,91.37 1 1
github.com/Raezil/memoryArena/memory_arena.go:91.37,93.3 1 1
github.com/Raezil/memoryArena/memory_arena.go:96.38,99.2 2 1
github.com/Raezil/memoryArena/memory_arena.go:102.89,104.16 2 1
github.com/Raezil/memoryArena/memory_arena.go:104.16,106.3 1 1
github.com/Raezil/memoryArena/memory_arena.go:107.2,108.18 2 1
github.com/Raezil/memoryArena/memory_arena.go:112.86,114.9 2 1
github.com/Raezil/memoryArena/memory_arena.go:114.9,116.3 1 1
github.com/Raezil/memoryArena/memory_arena.go:117.2,119.16 3 1
github.com/Raezil/memoryArena/memory_arena.go:119.16,121.3 1 1
github.com/Raezil/memoryArena/memory_arena.go:122.2,122.18 1 1
github.com/Raezil/memoryArena/memory_arena.go:125.56,126.18 1 1
github.com/Raezil/memoryArena/memory_arena.go:126.18,128.3 1 1
github.com/Raezil/memoryArena/memory_arena.go:129.2,133.12 5 1
github.com/Raezil/memoryArena/memory_arena.go:136.64,137.18 1 1
github.com/Raezil/memoryArena/memory_arena.go:137.18,139.3 1 1
github.com/Raezil/memoryArena/memory_arena.go:140.2,141.20 2 1
github.com/Raezil/memoryArena/memory_arena.go:141.20,143.3 1 1
github.com/Raezil/memoryArena/memory_arena.go:144.2,145.12 2 1
github.com/Raezil/memoryArena/memory_arena.go:148.66,153.2 4 1
